bundler: command not found: rackup
Install missing gem executables with `bundle install`
/root/.rbenv/versions/2.1.1/lib/ruby/gems/2.1.0/gems/activerecord-4.2.0/lib/active_record/connection_adapters/postgresql_adapter.rb:651:in `initialize': fe_sendauth: no password supplied (PG::ConnectionBad)
	from /root/.rbenv/versions/2.1.1/lib/ruby/gems/2.1.0/gems/activerecord-4.2.0/lib/active_record/connection_adapters/postgresql_adapter.rb:651:in `new'
	from /root/.rbenv/versions/2.1.1/lib/ruby/gems/2.1.0/gems/activerecord-4.2.0/lib/active_record/connection_adapters/postgresql_adapter.rb:651:in `connect'
	from /root/.rbenv/versions/2.1.1/lib/ruby/gems/2.1.0/gems/activerecord-4.2.0/lib/active_record/connection_adapters/postgresql_adapter.rb:242:in `initialize'
	from /root/.rbenv/versions/2.1.1/lib/ruby/gems/2.1.0/gems/activerecord-4.2.0/lib/active_record/connection_adapters/postgresql_adapter.rb:44:in `new'
	from /root/.rbenv/versions/2.1.1/lib/ruby/gems/2.1.0/gems/activerecord-4.2.0/lib/active_record/connection_adapters/postgresql_adapter.rb:44:in `postgresql_connection'
	from /root/.rbenv/versions/2.1.1/lib/ruby/gems/2.1.0/gems/activerecord-4.2.0/lib/active_record/connection_adapters/abstract/connection_pool.rb:436:in `new_connection'
	from /root/.rbenv/versions/2.1.1/lib/ruby/gems/2.1.0/gems/activerecord-4.2.0/lib/active_record/connection_adapters/abstract/connection_pool.rb:446:in `checkout_new_connection'
	from /root/.rbenv/versions/2.1.1/lib/ruby/gems/2.1.0/gems/activerecord-4.2.0/lib/active_record/connection_adapters/abstract/connection_pool.rb:422:in `acquire_connection'
	from /root/.rbenv/versions/2.1.1/lib/ruby/gems/2.1.0/gems/activerecord-4.2.0/lib/active_record/connection_adapters/abstract/connection_pool.rb:349:in `block in checkout'
	from /root/.rbenv/versions/2.1.1/lib/ruby/2.1.0/monitor.rb:211:in `mon_synchronize'
	from /root/.rbenv/versions/2.1.1/lib/ruby/gems/2.1.0/gems/activerecord-4.2.0/lib/active_record/connection_adapters/abstract/connection_pool.rb:348:in `checkout'
	from /root/.rbenv/versions/2.1.1/lib/ruby/gems/2.1.0/gems/activerecord-4.2.0/lib/active_record/connection_adapters/abstract/connection_pool.rb:263:in `block in connection'
	from /root/.rbenv/versions/2.1.1/lib/ruby/2.1.0/monitor.rb:211:in `mon_synchronize'
	from /root/.rbenv/versions/2.1.1/lib/ruby/gems/2.1.0/gems/activerecord-4.2.0/lib/active_record/connection_adapters/abstract/connection_pool.rb:262:in `connection'
	from /root/.rbenv/versions/2.1.1/lib/ruby/gems/2.1.0/gems/activerecord-4.2.0/lib/active_record/connection_adapters/abstract/connection_pool.rb:565:in `retrieve_connection'
	from /root/.rbenv/versions/2.1.1/lib/ruby/gems/2.1.0/gems/activerecord-4.2.0/lib/active_record/connection_handling.rb:113:in `retrieve_connection'
	from /root/.rbenv/versions/2.1.1/lib/ruby/gems/2.1.0/gems/activerecord-4.2.0/lib/active_record/connection_handling.rb:87:in `connection'
	from /root/.rbenv/versions/2.1.1/lib/ruby/gems/2.1.0/gems/sinatra-activerecord-2.0.5/lib/sinatra/activerecord.rb:45:in `database='
	from /root/.rbenv/versions/2.1.1/lib/ruby/gems/2.1.0/bundler/gems/sinatra-1022584156d1/lib/sinatra/base.rb:1216:in `set'
	from /root/.rbenv/versions/2.1.1/lib/ruby/gems/2.1.0/bundler/gems/sinatra-1022584156d1/lib/sinatra/base.rb:1989:in `block (2 levels) in delegate'
	from /root/restaurant/config.ru:8:in `block in <main>'
	from /root/.rbenv/versions/2.1.1/lib/ruby/gems/2.1.0/gems/rack-1.6.0/lib/rack/builder.rb:55:in `instance_eval'
	from /root/.rbenv/versions/2.1.1/lib/ruby/gems/2.1.0/gems/rack-1.6.0/lib/rack/builder.rb:55:in `initialize'
	from /root/restaurant/config.ru:in `new'
	from /root/restaurant/config.ru:in `<main>'
	from /root/.rbenv/versions/2.1.1/lib/ruby/gems/2.1.0/gems/rack-1.6.0/lib/rack/builder.rb:49:in `eval'
	from /root/.rbenv/versions/2.1.1/lib/ruby/gems/2.1.0/gems/rack-1.6.0/lib/rack/builder.rb:49:in `new_from_string'
	from /root/.rbenv/versions/2.1.1/lib/ruby/gems/2.1.0/gems/rack-1.6.0/lib/rack/builder.rb:40:in `parse_file'
	from /root/.rbenv/versions/2.1.1/lib/ruby/gems/2.1.0/gems/rack-1.6.0/lib/rack/server.rb:299:in `build_app_and_options_from_config'
	from /root/.rbenv/versions/2.1.1/lib/ruby/gems/2.1.0/gems/rack-1.6.0/lib/rack/server.rb:208:in `app'
	from /root/.rbenv/versions/2.1.1/lib/ruby/gems/2.1.0/gems/rack-1.6.0/lib/rack/server.rb:336:in `wrapped_app'
	from /root/.rbenv/versions/2.1.1/lib/ruby/gems/2.1.0/gems/rack-1.6.0/lib/rack/server.rb:272:in `start'
	from /root/.rbenv/versions/2.1.1/lib/ruby/gems/2.1.0/gems/rack-1.6.0/lib/rack/server.rb:147:in `start'
	from /root/.rbenv/versions/2.1.1/lib/ruby/gems/2.1.0/gems/rack-1.6.0/bin/rackup:4:in `<top (required)>'
	from /root/.rbenv/versions/2.1.1/bin/rackup:23:in `load'
	from /root/.rbenv/versions/2.1.1/bin/rackup:23:in `<main>'
